<?xml version="1.0" encoding="UTF-8"?>
<!-- Generated by org.testng.reporters.JUnitXMLReporter -->
<testsuite ignored="0" hostname="LAPTOP-COQFRCSP" failures="0" tests="4" name="Default test" time="12.313" errors="0" timestamp="2023-07-26T13:14:39 IST">
  <testcase classname="api.test.UserTest" name="postMethod" time="4.764"/>
  <testcase classname="api.test.UserTest" name="getMethod" time="1.527"/>
  <testcase classname="api.test.UserTest" name="UpdateUesrs" time="3.058"/>
  <testcase classname="api.test.UserTest" name="deleteMethod" time="1.574"/>
</testsuite> <!-- Default test -->
