<?xml version="1.0" encoding="UTF-8"?>
<!-- Generated by org.testng.reporters.JUnitXMLReporter -->
<testsuite ignored="0" hostname="LAPTOP-COQFRCSP" failures="0" tests="4" name="Test" time="12.42" errors="0" timestamp="2023-07-26T13:14:59 IST">
  <testcase classname="api.test.UserTest" name="postMethod" time="4.398"/>
  <testcase classname="api.test.UserTest" name="getMethod" time="1.584"/>
  <testcase classname="api.test.UserTest" name="UpdateUesrs" time="3.196"/>
  <testcase classname="api.test.UserTest" name="deleteMethod" time="1.5"/>
</testsuite> <!-- Test -->
