<?xml version="1.0" encoding="UTF-8"?>
<!-- Generated by org.testng.reporters.JUnitXMLReporter -->
<testsuite ignored="0" hostname="LAPTOP-COQFRCSP" failures="0" tests="4" name="Test" time="15.234" errors="0" timestamp="2023-07-26T13:35:14 IST">
  <testcase classname="api.test.UserTest" name="postMethod" time="5.785"/>
  <testcase classname="api.test.UserTest" name="getMethod" time="1.787"/>
  <testcase classname="api.test.UserTest" name="UpdateUesrs" time="3.816"/>
  <testcase classname="api.test.UserTest" name="deleteMethod" time="1.876"/>
</testsuite> <!-- Test -->
