<?xml version="1.0" encoding="UTF-8"?>
<testng-results ignored="0" total="4" passed="4" failed="0" skipped="0">
  <reporter-output>
  </reporter-output>
  <suite started-at="2023-07-26T13:34:58 IST" name="Suite" finished-at="2023-07-26T13:35:13 IST" duration-ms="15234">
    <groups>
    </groups>
    <test started-at="2023-07-26T13:34:58 IST" name="Test" finished-at="2023-07-26T13:35:13 IST" duration-ms="15234">
      <class name="api.test.UserTest">
        <test-method is-config="true" signature="setupData()[pri:0, instance:api.test.UserTest@769f71a9]" started-at="2023-07-26T13:34:59 IST" name="setupData" finished-at="2023-07-26T13:35:00 IST" duration-ms="1287" status="PASS">
          <reporter-output>
          </reporter-output>
        </test-method> <!-- setupData -->
        <test-method signature="postMethod()[pri:1, instance:api.test.UserTest@769f71a9]" started-at="2023-07-26T13:35:00 IST" name="postMethod" finished-at="2023-07-26T13:35:06 IST" duration-ms="5785" status="PASS">
          <reporter-output>
          </reporter-output>
        </test-method> <!-- postMethod -->
        <test-method signature="getMethod()[pri:2, instance:api.test.UserTest@769f71a9]" started-at="2023-07-26T13:35:06 IST" name="getMethod" finished-at="2023-07-26T13:35:08 IST" duration-ms="1787" status="PASS">
          <reporter-output>
          </reporter-output>
        </test-method> <!-- getMethod -->
        <test-method signature="UpdateUesrs()[pri:3, instance:api.test.UserTest@769f71a9]" started-at="2023-07-26T13:35:08 IST" name="UpdateUesrs" finished-at="2023-07-26T13:35:12 IST" duration-ms="3816" status="PASS">
          <reporter-output>
          </reporter-output>
        </test-method> <!-- UpdateUesrs -->
        <test-method signature="deleteMethod()[pri:5, instance:api.test.UserTest@769f71a9]" started-at="2023-07-26T13:35:12 IST" name="deleteMethod" finished-at="2023-07-26T13:35:13 IST" duration-ms="1876" status="PASS">
          <reporter-output>
          </reporter-output>
        </test-method> <!-- deleteMethod -->
      </class> <!-- api.test.UserTest -->
    </test> <!-- Test -->
  </suite> <!-- Suite -->
</testng-results>
