<?xml version="1.0" encoding="UTF-8"?>
<testng-results ignored="0" total="4" passed="4" failed="0" skipped="0">
  <reporter-output>
  </reporter-output>
  <suite started-at="2023-07-26T13:14:47 IST" name="Suite" finished-at="2023-07-26T13:14:59 IST" duration-ms="12420">
    <groups>
    </groups>
    <test started-at="2023-07-26T13:14:47 IST" name="Test" finished-at="2023-07-26T13:14:59 IST" duration-ms="12420">
      <class name="api.test.UserTest">
        <test-method is-config="true" signature="setupData()[pri:0, instance:api.test.UserTest@1dde4cb2]" started-at="2023-07-26T13:14:47 IST" name="setupData" finished-at="2023-07-26T13:14:48 IST" duration-ms="1192" status="PASS">
          <reporter-output>
          </reporter-output>
        </test-method> <!-- setupData -->
        <test-method signature="postMethod()[pri:1, instance:api.test.UserTest@1dde4cb2]" started-at="2023-07-26T13:14:48 IST" name="postMethod" finished-at="2023-07-26T13:14:53 IST" duration-ms="4398" status="PASS">
          <reporter-output>
          </reporter-output>
        </test-method> <!-- postMethod -->
        <test-method signature="getMethod()[pri:2, instance:api.test.UserTest@1dde4cb2]" started-at="2023-07-26T13:14:53 IST" name="getMethod" finished-at="2023-07-26T13:14:54 IST" duration-ms="1584" status="PASS">
          <reporter-output>
          </reporter-output>
        </test-method> <!-- getMethod -->
        <test-method signature="UpdateUesrs()[pri:3, instance:api.test.UserTest@1dde4cb2]" started-at="2023-07-26T13:14:54 IST" name="UpdateUesrs" finished-at="2023-07-26T13:14:57 IST" duration-ms="3196" status="PASS">
          <reporter-output>
          </reporter-output>
        </test-method> <!-- UpdateUesrs -->
        <test-method signature="deleteMethod()[pri:5, instance:api.test.UserTest@1dde4cb2]" started-at="2023-07-26T13:14:57 IST" name="deleteMethod" finished-at="2023-07-26T13:14:59 IST" duration-ms="1500" status="PASS">
          <reporter-output>
          </reporter-output>
        </test-method> <!-- deleteMethod -->
      </class> <!-- api.test.UserTest -->
    </test> <!-- Test -->
  </suite> <!-- Suite -->
</testng-results>
